<?xml version="1.0" encoding="UTF-8"?>
<!-- Generated by org.testng.reporters.JUnitReportReporter -->
<testsuite hostname="LAPTOP-9JKB80HL" failures="0" tests="1" name="SauceDemo.Sauce2" time="4.972" errors="0" timestamp="2023-04-24T16:26:29 IST" skipped="0">
  <testcase classname="SauceDemo.Sauce2" name="Login" time="4.972"/>
  <system-out/>
</testsuite> <!-- SauceDemo.Sauce2 -->
