<?xml version="1.0" encoding="UTF-8"?>
<!-- Generated by org.testng.reporters.JUnitReportReporter -->
<testsuite hostname="LAPTOP-9JKB80HL" failures="0" tests="5" name="TestNgPractise.Priority" time="0.022" errors="0" timestamp="2023-04-17T11:46:28 IST" skipped="0">
  <testcase classname="TestNgPractise.Priority" name="signin" time="0.015"/>
  <system-out/>
  <testcase classname="TestNgPractise.Priority" name="booking" time="0.002"/>
  <system-out/>
  <testcase classname="TestNgPractise.Priority" name="singout" time="0.002"/>
  <system-out/>
  <testcase classname="TestNgPractise.Priority" name="logout" time="0.001"/>
  <system-out/>
  <testcase classname="TestNgPractise.Priority" name="cancel" time="0.002"/>
  <system-out/>
</testsuite> <!-- TestNgPractise.Priority -->
