<?xml version="1.0" encoding="UTF-8"?>
<!-- Generated by org.testng.reporters.JUnitReportReporter -->
<testsuite hostname="LAPTOP-9JKB80HL" failures="0" tests="3" name="IgnoteTest.Test1" time="0.025" errors="0" timestamp="2023-04-17T11:51:29 IST" skipped="1">
  <testcase classname="IgnoteTest.Test1" name="test2" time="0.022"/>
  <system-out/>
  <testcase classname="IgnoteTest.Test1" name="test3" time="0.003"/>
  <system-out/>
  <testcase classname="IgnoteTest.Test1" name="test1">
    <skipped/>
  </testcase> <!-- test1 -->
  <system-out/>
</testsuite> <!-- IgnoteTest.Test1 -->
