<?xml version="1.0" encoding="UTF-8"?>
<!-- Generated by org.testng.reporters.JUnitReportReporter -->
<testsuite hostname="LAPTOP-9JKB80HL" failures="0" tests="3" name="TestXDependences.Test3" time="0.024" errors="0" timestamp="2023-04-18T11:30:00 IST" skipped="0">
  <testcase classname="TestXDependences.Test3" name="TrackShipment" time="0.004"/>
  <system-out/>
  <testcase classname="TestXDependences.Test3" name="CancelShipment" time="0.002"/>
  <system-out/>
  <testcase classname="TestXDependences.Test3" name="CreateShipment" time="0.018"/>
  <system-out/>
</testsuite> <!-- TestXDependences.Test3 -->
