<?xml version="1.0" encoding="UTF-8"?>
<!-- Generated by org.testng.reporters.JUnitReportReporter -->
<testsuite hostname="LAPTOP-9JKB80HL" failures="0" tests="4" name="TestNgPractise.XmlPractise" time="13.205" errors="0" timestamp="2023-04-16T15:38:16 IST" skipped="0">
  <testcase classname="TestNgPractise.XmlPractise" name="Insta" time="2.538"/>
  <system-out/>
  <testcase classname="TestNgPractise.XmlPractise" name="Whatsapp" time="2.347"/>
  <system-out/>
  <testcase classname="TestNgPractise.XmlPractise" name="Facebook" time="2.458"/>
  <system-out/>
  <testcase classname="TestNgPractise.XmlPractise" name="OpenSource" time="5.862"/>
  <system-out/>
</testsuite> <!-- TestNgPractise.XmlPractise -->
