<?xml version="1.0" encoding="UTF-8"?>
<!-- Generated by org.testng.reporters.JUnitReportReporter -->
<testsuite hostname="LAPTOP-9JKB80HL" failures="0" tests="2" name="DataProviders.DataProviderEg" time="17.108" errors="0" timestamp="2023-04-18T16:45:31 IST" skipped="0">
  <testcase classname="DataProviders.DataProviderEg" name="Register" time="7.811"/>
  <system-out/>
  <testcase classname="DataProviders.DataProviderEg" name="Register" time="9.297"/>
  <system-out/>
</testsuite> <!-- DataProviders.DataProviderEg -->
