<?xml version="1.0" encoding="UTF-8"?>
<!-- Generated by org.testng.reporters.JUnitReportReporter -->
<testsuite hostname="LAPTOP-9JKB80HL" failures="0" tests="2" name="MySauceExtentAnnotations.ExtentAnnotation1" time="6.409" errors="0" timestamp="2023-04-24T21:37:21 IST" skipped="0">
  <testcase classname="MySauceExtentAnnotations.ExtentAnnotation1" name="SauceDemo" time="3.743"/>
  <system-out/>
  <testcase classname="MySauceExtentAnnotations.ExtentAnnotation1" name="Facebook" time="2.666"/>
  <system-out/>
</testsuite> <!-- MySauceExtentAnnotations.ExtentAnnotation1 -->
