<?xml version="1.0" encoding="UTF-8"?>
<!-- Generated by org.testng.reporters.JUnitReportReporter -->
<testsuite hostname="LAPTOP-9JKB80HL" failures="0" tests="1" name="TestNgPractise.FirstTestNg" time="15.883" errors="0" timestamp="2023-04-14T11:08:38 IST" skipped="0">
  <testcase classname="TestNgPractise.FirstTestNg" name="TestGoogle" time="15.883"/>
  <system-out/>
</testsuite> <!-- TestNgPractise.FirstTestNg -->
