<?xml version="1.0" encoding="UTF-8"?>
<!-- Generated by org.testng.reporters.JUnitReportReporter -->
<testsuite hostname="LAPTOP-9JKB80HL" failures="0" tests="3" name="DataProviders.DataClassProvider" time="0.015" errors="0" timestamp="2023-04-18T17:00:45 IST" skipped="0">
  <testcase classname="DataProviders.DataClassProvider" name="rajesh" time="0.010"/>
  <system-out/>
  <testcase classname="DataProviders.DataClassProvider" name="rajesh" time="0.002"/>
  <system-out/>
  <testcase classname="DataProviders.DataClassProvider" name="rajesh" time="0.003"/>
  <system-out/>
</testsuite> <!-- DataProviders.DataClassProvider -->
