<?xml version="1.0" encoding="UTF-8"?>
<!-- Generated by org.testng.reporters.JUnitReportReporter -->
<testsuite hostname="LAPTOP-9JKB80HL" failures="0" tests="2" name="CrossBroswerTechnic.CrossBroswer" time="3.530" errors="0" timestamp="2023-04-26T15:52:46 IST" skipped="0">
  <testcase classname="CrossBroswerTechnic.CrossBroswer" name="openInsta" time="1.528"/>
  <system-out/>
  <testcase classname="CrossBroswerTechnic.CrossBroswer" name="openFacebook" time="2.002"/>
  <system-out/>
</testsuite> <!-- CrossBroswerTechnic.CrossBroswer -->
