<?xml version="1.0" encoding="UTF-8"?>
<!-- Generated by org.testng.reporters.JUnitReportReporter -->
<testsuite hostname="LAPTOP-9JKB80HL" failures="0" tests="7" name="ParallelExcecution.Paralel2" time="30.135" errors="0" timestamp="2023-04-19T15:30:51 IST" skipped="0">
  <testcase classname="ParallelExcecution.Paralel2" name="register" time="3.000"/>
  <system-out/>
  <testcase classname="ParallelExcecution.Paralel2" name="register" time="4.153"/>
  <system-out/>
  <testcase classname="ParallelExcecution.Paralel2" name="register" time="2.985"/>
  <system-out/>
  <testcase classname="ParallelExcecution.Paralel2" name="register" time="4.137"/>
  <system-out/>
  <testcase classname="ParallelExcecution.Paralel2" name="register" time="4.345"/>
  <system-out/>
  <testcase classname="ParallelExcecution.Paralel2" name="register" time="7.174"/>
  <system-out/>
  <testcase classname="ParallelExcecution.Paralel2" name="register" time="4.341"/>
  <system-out/>
</testsuite> <!-- ParallelExcecution.Paralel2 -->
