<?xml version="1.0" encoding="UTF-8"?>
<!-- Generated by org.testng.reporters.JUnitReportReporter -->
<testsuite hostname="LAPTOP-9JKB80HL" failures="0" tests="2" name="GroupingTests.Test1" time="0.015" errors="0" timestamp="2023-04-18T12:03:43 IST" skipped="0">
  <testcase classname="GroupingTests.Test1" name="test1" time="0.014"/>
  <system-out/>
  <testcase classname="GroupingTests.Test1" name="test3" time="0.001"/>
  <system-out/>
</testsuite> <!-- GroupingTests.Test1 -->
