<?xml version="1.0" encoding="UTF-8"?>
<!-- Generated by org.testng.reporters.JUnitReportReporter -->
<testsuite hostname="LAPTOP-9JKB80HL" failures="0" tests="6" name="SeliniumFundamentals.UsingXL" time="16.640" errors="0" timestamp="2023-04-20T16:10:04 IST" skipped="0">
  <testcase classname="SeliniumFundamentals.UsingXL" name="login" time="4.386"/>
  <system-out/>
  <testcase classname="SeliniumFundamentals.UsingXL" name="login" time="2.323"/>
  <system-out/>
  <testcase classname="SeliniumFundamentals.UsingXL" name="login" time="2.096"/>
  <system-out/>
  <testcase classname="SeliniumFundamentals.UsingXL" name="login" time="2.636"/>
  <system-out/>
  <testcase classname="SeliniumFundamentals.UsingXL" name="login" time="2.594"/>
  <system-out/>
  <testcase classname="SeliniumFundamentals.UsingXL" name="login" time="2.605"/>
  <system-out/>
</testsuite> <!-- SeliniumFundamentals.UsingXL -->
