<?xml version="1.0" encoding="UTF-8"?>
<!-- Generated by org.testng.reporters.JUnitReportReporter -->
<testsuite hostname="LAPTOP-9JKB80HL" failures="0" tests="2" name="DataProviders.DataProviderPartilly" time="0.015" errors="0" timestamp="2023-04-18T16:53:29 IST" skipped="0">
  <testcase classname="DataProviders.DataProviderPartilly" name="test" time="0.013"/>
  <system-out/>
  <testcase classname="DataProviders.DataProviderPartilly" name="test" time="0.002"/>
  <system-out/>
</testsuite> <!-- DataProviders.DataProviderPartilly -->
