<?xml version="1.0" encoding="UTF-8"?>
<!-- Generated by org.testng.reporters.JUnitReportReporter -->
<testsuite hostname="LAPTOP-9JKB80HL" failures="0" tests="5" name="GroupDependencies.Test" time="0.018" errors="0" timestamp="2023-04-18T11:46:02 IST" skipped="0">
  <testcase classname="GroupDependencies.Test" name="test0" time="0.002"/>
  <system-out/>
  <testcase classname="GroupDependencies.Test" name="test1" time="0.010"/>
  <system-out/>
  <testcase classname="GroupDependencies.Test" name="test4" time="0.003"/>
  <system-out/>
  <testcase classname="GroupDependencies.Test" name="test2" time="0.001"/>
  <system-out/>
  <testcase classname="GroupDependencies.Test" name="test3" time="0.002"/>
  <system-out/>
</testsuite> <!-- GroupDependencies.Test -->
