<?xml version="1.0" encoding="UTF-8"?>
<!-- Generated by org.testng.reporters.JUnitReportReporter -->
<testsuite hostname="LAPTOP-9JKB80HL" failures="0" tests="2" name="TestNgPractise.Annotations" time="0.014" errors="0" timestamp="2023-04-16T15:34:54 IST" skipped="0">
  <testcase classname="TestNgPractise.Annotations" name="test" time="0.013"/>
  <system-out/>
  <testcase classname="TestNgPractise.Annotations" name="test1" time="0.001"/>
  <system-out/>
</testsuite> <!-- TestNgPractise.Annotations -->
