<?xml version="1.0" encoding="UTF-8"?>
<!-- Generated by org.testng.reporters.JUnitReportReporter -->
<testsuite hostname="LAPTOP-9JKB80HL" failures="0" tests="1" name="TestNgPractise.Assertions" time="5.022" errors="0" timestamp="2023-04-14T15:42:37 IST" skipped="0">
  <testcase classname="TestNgPractise.Assertions" name="Facebook" time="5.022"/>
  <system-out/>
</testsuite> <!-- TestNgPractise.Assertions -->
