<?xml version="1.0" encoding="UTF-8"?>
<!-- Generated by org.testng.reporters.JUnitReportReporter -->
<testsuite hostname="LAPTOP-9JKB80HL" failures="0" tests="3" name="GroupDependencies.TestGroupsAndTestGroups" time="0.018" errors="0" timestamp="2023-04-18T12:00:52 IST" skipped="0">
  <testcase classname="GroupDependencies.TestGroupsAndTestGroups" name="test1" time="0.012"/>
  <system-out/>
  <testcase classname="GroupDependencies.TestGroupsAndTestGroups" name="test2" time="0.003"/>
  <system-out/>
  <testcase classname="GroupDependencies.TestGroupsAndTestGroups" name="test3" time="0.003"/>
  <system-out/>
</testsuite> <!-- GroupDependencies.TestGroupsAndTestGroups -->
