<?xml version="1.0" encoding="UTF-8"?>
<!-- Generated by org.testng.reporters.JUnitReportReporter -->
<testsuite hostname="LAPTOP-9JKB80HL" failures="0" tests="7" name="IntegrationOfXcelWithDataProvider.Test2" time="73.437" errors="0" timestamp="2023-04-19T15:10:52 IST" skipped="0">
  <testcase classname="IntegrationOfXcelWithDataProvider.Test2" name="register" time="10.104"/>
  <system-out/>
  <testcase classname="IntegrationOfXcelWithDataProvider.Test2" name="register" time="10.518"/>
  <system-out/>
  <testcase classname="IntegrationOfXcelWithDataProvider.Test2" name="register" time="10.532"/>
  <system-out/>
  <testcase classname="IntegrationOfXcelWithDataProvider.Test2" name="register" time="10.136"/>
  <system-out/>
  <testcase classname="IntegrationOfXcelWithDataProvider.Test2" name="register" time="10.662"/>
  <system-out/>
  <testcase classname="IntegrationOfXcelWithDataProvider.Test2" name="register" time="10.720"/>
  <system-out/>
  <testcase classname="IntegrationOfXcelWithDataProvider.Test2" name="register" time="10.765"/>
  <system-out/>
</testsuite> <!-- IntegrationOfXcelWithDataProvider.Test2 -->
